# submissions.log — Contact Form Submissions
# Entries are appended here automatically when the form is submitted.

====================================
Date    : 2026-04-05 11:12:31
Name    : Sharib Ali
Email   : sharibaliaay97@gmail.com
Phone   : 693991856
Subject : Project Collaboration
IP      : ::1
Message :
zsscvml zdvnk.fljivzdbkv
====================================

====================================
Date    : 2026-04-05 11:25:58
Name    : Sharib Ali
Email   : sharibaliaay97@gmail.com
Phone   : 988959689
Subject : Technical Support
IP      : ::1
Message :
sdkdghsffio;aggp&#039;srogjsra[ngp&#039;g
====================================

